<?xml version="1.0" encoding="UTF-8"?>
<!-- Generated by org.testng.reporters.JUnitReportReporter -->
<testsuite skipped="0" hostname="DESKTOP-GHQ916B" name="Demo.Put_Patch_Delete" tests="3" failures="0" timestamp="2021-12-22T17:28:41 IST" time="8.893" errors="0">
  <testcase name="PatchMethod" time="1.009" classname="Demo.Put_Patch_Delete"/>
  <system-out/>
  <testcase name="PutMethod" time="0.800" classname="Demo.Put_Patch_Delete"/>
  <system-out/>
  <testcase name="Delete_Method" time="7.084" classname="Demo.Put_Patch_Delete"/>
  <system-out/>
</testsuite> <!-- Demo.Put_Patch_Delete -->
