<?xml version="1.0" encoding="UTF-8"?>
<!-- Generated by org.testng.reporters.JUnitReportReporter -->
<testsuite skipped="0" hostname="DESKTOP-GHQ916B" name="Demo.Demo2" tests="2" failures="0" timestamp="2022-01-10T11:31:03 IST" time="21.958" errors="0">
  <testcase name="Test2" time="8.414" classname="Demo.Demo2"/>
  <system-out/>
  <testcase name="Test1" time="13.544" classname="Demo.Demo2"/>
  <system-out/>
</testsuite> <!-- Demo.Demo2 -->
