<?xml version="1.0" encoding="UTF-8"?>
<!-- Generated by org.testng.reporters.JUnitReportReporter -->
<testsuite skipped="0" hostname="DESKTOP-GHQ916B" name="Demo.Demo2" tests="2" failures="0" timestamp="2021-12-22T12:20:52 IST" time="8.362" errors="0">
  <testcase name="Test2" time="2.839" classname="Demo.Demo2"/>
  <system-out/>
  <testcase name="Test1" time="5.523" classname="Demo.Demo2"/>
  <system-out/>
</testsuite> <!-- Demo.Demo2 -->
