<?xml version="1.0" encoding="UTF-8"?>
<!-- Generated by org.testng.reporters.JUnitReportReporter -->
<testsuite skipped="0" hostname="DESKTOP-GHQ916B" name="com_rest.AutomateGet" tests="1" failures="0" timestamp="2022-01-10T19:19:51 IST" time="8.621" errors="0">
  <testcase name="validate_get_status_code" time="8.621" classname="com_rest.AutomateGet"/>
  <system-out/>
</testsuite> <!-- com_rest.AutomateGet -->
