<?xml version="1.0" encoding="UTF-8"?>
<!-- Generated by org.testng.reporters.JUnitReportReporter -->
<testsuite skipped="0" hostname="DESKTOP-GHQ916B" name="Demo.Demo1" tests="1" failures="0" timestamp="2021-12-21T19:43:56 IST" time="6.615" errors="0">
  <testcase name="Test1" time="6.615" classname="Demo.Demo1"/>
  <system-out/>
</testsuite> <!-- Demo.Demo1 -->
