<?xml version="1.0" encoding="UTF-8"?>
<!-- Generated by org.testng.reporters.JUnitReportReporter -->
<testsuite skipped="0" hostname="DESKTOP-GHQ916B" name="com_rest.AutomateHeader" tests="1" failures="0" timestamp="2022-01-11T12:58:13 IST" time="10.535" errors="0">
  <testcase name="multipal_headers_using_Heders" time="10.535" classname="com_rest.AutomateHeader"/>
  <system-out/>
</testsuite> <!-- com_rest.AutomateHeader -->
