<?xml version="1.0" encoding="UTF-8"?>
<!-- Generated by org.testng.reporters.JUnitReportReporter -->
<testsuite skipped="0" hostname="DESKTOP-GHQ916B" name="com_rest.Header" tests="1" failures="0" timestamp="2022-01-11T12:46:08 IST" time="7.809" errors="0">
  <testcase name="multipal_headers_using_Heders" time="7.809" classname="com_rest.Header"/>
  <system-out/>
</testsuite> <!-- com_rest.Header -->
