<?xml version="1.0" encoding="UTF-8"?>
<!-- Generated by org.testng.reporters.JUnitReportReporter -->
<testsuite skipped="0" hostname="DESKTOP-GHQ916B" name="Demo.GetAndPost_Request" tests="2" failures="0" timestamp="2021-12-22T14:55:12 IST" time="10.773" errors="0">
  <testcase name="Test1" time="3.769" classname="Demo.GetAndPost_Request"/>
  <system-out/>
  <testcase name="PostTest" time="7.004" classname="Demo.GetAndPost_Request"/>
  <system-out/>
</testsuite> <!-- Demo.GetAndPost_Request -->
